<?xml version="1.0" encoding="UTF-8"?>
<testng-results skipped="0" failed="0" total="1" passed="1">
  <reporter-output>
  </reporter-output>
  <suite name="Default suite" duration-ms="6750" started-at="2023-08-14T08:29:24Z" finished-at="2023-08-14T08:29:30Z">
    <groups>
    </groups>
    <test name="Default test" duration-ms="6750" started-at="2023-08-14T08:29:24Z" finished-at="2023-08-14T08:29:30Z">
      <class name="assessments.Assessment2">
        <test-method status="PASS" signature="launchApp()[pri:0, instance:assessments.Assessment2@38082d64]" name="launchApp" is-config="true" duration-ms="6194" started-at="2023-08-14T13:59:24Z" finished-at="2023-08-14T13:59:30Z">
          <reporter-output>
          </reporter-output>
        </test-method> <!-- launchApp -->
        <test-method status="PASS" signature="operation()[pri:0, instance:assessments.Assessment2@38082d64]" name="operation" duration-ms="543" started-at="2023-08-14T13:59:30Z" finished-at="2023-08-14T13:59:30Z">
          <reporter-output>
          </reporter-output>
        </test-method> <!-- operation -->
      </class> <!-- assessments.Assessment2 -->
    </test> <!-- Default test -->
  </suite> <!-- Default suite -->
</testng-results>
